d:\code\pbcvtdemo\pbcvtdemo\x64\debug\vc140.pdb
d:\code\pbcvtdemo\pbcvtdemo\x64\debug\vmx.obj
d:\code\pbcvtdemo\pbcvtdemo\x64\debug\mfvt.obj
d:\code\pbcvtdemo\pbcvtdemo\x64\debug\hvm.obj
d:\code\pbcvtdemo\pbcvtdemo\x64\debug\common.obj
d:\code\pbcvtdemo\x64\debug\pbcvtdemo.sys
d:\code\pbcvtdemo\x64\debug\pbcvtdemo.pdb
d:\code\pbcvtdemo\pbcvtdemo\x64\debug\common-asm.obj
d:\code\pbcvtdemo\pbcvtdemo\x64\debug\regs.obj
d:\code\pbcvtdemo\pbcvtdemo\x64\debug\vmx-asm.obj
d:\code\pbcvtdemo\pbcvtdemo\x64\debug\pbcvtdemo.inf
d:\code\pbcvtdemo\x64\debug\pbcvtdemo.cer
d:\code\pbcvtdemo\x64\debug\pbcvtdemo.inf
d:\code\pbcvtdemo\pbcvtdemo\x64\debug\pbcvtdemo.tlog\cl.command.1.tlog
d:\code\pbcvtdemo\pbcvtdemo\x64\debug\pbcvtdemo.tlog\cl.read.1.tlog
d:\code\pbcvtdemo\pbcvtdemo\x64\debug\pbcvtdemo.tlog\cl.write.1.tlog
d:\code\pbcvtdemo\pbcvtdemo\x64\debug\pbcvtdemo.tlog\link.command.1.tlog
d:\code\pbcvtdemo\pbcvtdemo\x64\debug\pbcvtdemo.tlog\link.read.1.tlog
d:\code\pbcvtdemo\pbcvtdemo\x64\debug\pbcvtdemo.tlog\link.write.1.tlog
d:\code\pbcvtdemo\pbcvtdemo\x64\debug\pbcvtdemo.tlog\pbcvtdemo.write.1u.tlog
d:\code\pbcvtdemo\pbcvtdemo\x64\debug\pbcvtdemo.tlog\signtool.command.1.tlog
d:\code\pbcvtdemo\pbcvtdemo\x64\debug\pbcvtdemo.tlog\signtool.read.1.tlog
d:\code\pbcvtdemo\pbcvtdemo\x64\debug\pbcvtdemo.tlog\signtool.timestamp.1.tlog
d:\code\pbcvtdemo\pbcvtdemo\x64\debug\pbcvtdemo.tlog\signtool.write.1.tlog
d:\code\pbcvtdemo\pbcvtdemo\x64\debug\pbcvtdemo.tlog\stampinf.command.1.tlog
d:\code\pbcvtdemo\pbcvtdemo\x64\debug\pbcvtdemo.tlog\stampinf.read.1.tlog
d:\code\pbcvtdemo\pbcvtdemo\x64\debug\pbcvtdemo.tlog\stampinf.write.1.tlog
