生成启动时间为 2019/6/22 22:18:03。
     1>项目“D:\Code\PBCVTDemo\PBCVTDemo\PBCVTDemo.vcxproj”在节点 2 上(Rebuild 个目标)。
     1>DriverBuildNotifications:
         Building 'PBCVTDemo' with toolset 'WindowsKernelModeDriver10.0' and the 'Desktop' target platform.
       StampInf:
         C:\Program Files (x86)\Windows Kits\10\bin\x86\stampinf.exe -d "*" -a "amd64" -v "*" -k "1.15"  -x -f x64\Debug\PBCVTDemo.inf 
         Stamping x64\Debug\PBCVTDemo.inf
         Stamping [Version] section with DriverVer=06/22/2019,22.18.3.898
       _MASM:
         Assembling common-asm.asm...
         cmd.exe /C "C:\Users\p0sixB1ackcat\AppData\Local\Temp\tmp103c8427492b4740aecccaf9c59a1a53.cmd"
         ml64.exe /c /nologo /Zi /Fo"x64\Debug\common-asm.obj" /W3 /errorReport:prompt  /Ta"common-asm.asm"
       _MASM:
         Assembling regs.asm...
         cmd.exe /C "C:\Users\p0sixB1ackcat\AppData\Local\Temp\tmpbfd69dddf67042909088340f38a3be4f.cmd"
         ml64.exe /c /nologo /Zi /Fo"x64\Debug\regs.obj" /W3 /errorReport:prompt  /Taregs.asm
       _MASM:
         Assembling vmx-asm.asm...
         cmd.exe /C "C:\Users\p0sixB1ackcat\AppData\Local\Temp\tmpe4b688d9a1e94f708a3a58fa0e4c67bc.cmd"
         ml64.exe /c /nologo /Zi /Fo"x64\Debug\vmx-asm.obj" /W3 /errorReport:prompt  /Ta"vmx-asm.asm"
       ClCompile:
         D:\soft\Microsoft Visual Studio 14.0\VC\bin\x86_amd64\CL.exe /c /Ix64\Debug\ /Zi /nologo /W3 /WX- /Od /Oi /Oy- /D _WIN64 /D _AMD64_ /D AMD64 /D DEPRECATE_DDK_FUNCTIONS=1 /D MSC_NOOPT /D _WIN32_WINNT=0x0A00 /D WINVER=0x0A00 /D WINNT=1 /D NTDDI_VERSION=0x0A000003 /D DBG=1 /D _UNICODE /D UNICODE /D KMDF_VERSION_MAJOR=1 /D KMDF_VERSION_MINOR=15 /GF /Gm- /Zp8 /GS /guard:cf /Gy /fp:precise /Zc:wchar_t- /Zc:forScope /Zc:inline /GR- /Fo"x64\Debug\\" /Fd"x64\Debug\vc140.pdb" /Gz /wd4748 /wd4603 /wd4627 /wd4986 /wd4987 /wd4996 /FI"C:\Program Files (x86)\Windows Kits\10\Include\10.0.17763.0\shared\warning.h" /errorReport:prompt /kernel -cbstring -d2epilogunwind /d1import_no_registry /d2AllowCompatibleILVersions /d2Zi+ common.c hvm.c MfVT.c vmx.c
         common.c
         hvm.c
         MfVT.c
         vmx.c
         正在生成代码...
       Link:
         D:\soft\Microsoft Visual Studio 14.0\VC\bin\x86_amd64\link.exe /ERRORREPORT:PROMPT /OUT:"D:\Code\PBCVTDemo\x64\Debug\PBCVTDemo.sys" /VERSION:"10.0" /INCREMENTAL:NO /NOLOGO /WX /SECTION:"INIT,d" "C:\Program Files (x86)\Windows Kits\10\lib\10.0.17763.0\km\x64\\cfg_support_v1.lib" "C:\Program Files (x86)\Windows Kits\10\lib\10.0.17763.0\km\x64\BufferOverflowFastFailK.lib" "C:\Program Files (x86)\Windows Kits\10\lib\10.0.17763.0\km\x64\ntoskrnl.lib" "C:\Program Files (x86)\Windows Kits\10\lib\10.0.17763.0\km\x64\hal.lib" "C:\Program Files (x86)\Windows Kits\10\lib\10.0.17763.0\km\x64\wmilib.lib" "C:\Program Files (x86)\Windows Kits\10\lib\wdf\kmdf\x64\1.15\WdfLdr.lib" "C:\Program Files (x86)\Windows Kits\10\lib\wdf\kmdf\x64\1.15\WdfDriverEntry.lib" /NODEFAULTLIB /MANIFEST:NO /Debug /PDB:"D:\Code\PBCVTDemo\x64\Debug\PBCVTDemo.pdb" /SUBSYSTEM:NATIVE,"10.00" /Driver /OPT:REF /OPT:ICF /ENTRY:"FxDriverEntry" /RELEASE /IMPLIB:"D:\Code\PBCVTDemo\x64\Debug\PBCVTDemo.lib" /MERGE:"_TEXT=.text;_PAGE=PAGE" /MACHINE:X64 /PROFILE /guard:cf /kernel /IGNORE:4198,4010,4037,4039,4065,4070,4078,4087,4089,4221,4108,4088,4218,4218,4235 /osversion:10.0 /pdbcompress /debugtype:pdata "x64\Debug\common-asm.obj"
         x64\Debug\regs.obj
         "x64\Debug\vmx-asm.obj"
         x64\Debug\common.obj
         x64\Debug\hvm.obj
         x64\Debug\MfVT.obj
         x64\Debug\vmx.obj
         PBCVTDemo.vcxproj -> D:\Code\PBCVTDemo\x64\Debug\PBCVTDemo.sys
     1>项目“D:\Code\PBCVTDemo\PBCVTDemo\PBCVTDemo.vcxproj”(1)正在节点 2 上生成“D:\Code\PBCVTDemo\PBCVTDemo\PBCVTDemo.vcxproj”(1:2) (TestSign 个目标)。
     1>TestSign:
         C:\Program Files (x86)\Windows Kits\10\bin\x86\signtool.exe sign /ph /sha1 "4BC37FD4DA933BC0C8626BDAD6344F8294A901AB" 
         Done Adding Additional Store
         Successfully signed: D:\Code\PBCVTDemo\x64\Debug\PBCVTDemo.sys
         
     1>已完成生成项目“D:\Code\PBCVTDemo\PBCVTDemo\PBCVTDemo.vcxproj”(TestSign 个目标)的操作。
     1>已完成生成项目“D:\Code\PBCVTDemo\PBCVTDemo\PBCVTDemo.vcxproj”(Rebuild 个目标)的操作。

已成功生成。

已用时间 00:00:03.87
