生成启动时间为 2019/6/22 15:27:32。
     1>项目“D:\Code\PBCVTDemo\PBCVTDemo\PBCVTDemo.vcxproj”在节点 2 上(Rebuild 个目标)。
     1>DriverBuildNotifications:
         Building 'PBCVTDemo' with toolset 'WindowsKernelModeDriver10.0' and the 'Desktop' target platform.
       StampInf:
         C:\Program Files (x86)\Windows Kits\10\bin\x86\stampinf.exe -d "*" -a "x86" -v "*" -k "1.15"  -x -f Debug\PBCVTDemo.inf 
         Stamping Debug\PBCVTDemo.inf
         Stamping [Version] section with DriverVer=06/22/2019,15.27.33.550
       _MASM:
         Assembling common-asm.asm...
         cmd.exe /C "C:\Users\p0sixB1ackcat\AppData\Local\Temp\tmp35f75ebb4ab24dd5859b26f01fc66600.cmd"
         ml.exe /c /nologo /Zi /Fo"Debug\common-asm.obj" /W3 /errorReport:prompt  /Ta"common-asm.asm"
     1>common-asm.asm(3): error A2013: .MODEL must precede this directive
     1>common-asm.asm(5): error A2034: must be in segment block : GetCpuIdInfo
     1>common-asm.asm(6): error A2034: must be in segment block
     1>common-asm.asm(7): error A2034: must be in segment block
     1>common-asm.asm(8): error A2034: must be in segment block
     1>common-asm.asm(9): error A2034: must be in segment block
     1>common-asm.asm(11): error A2034: must be in segment block
     1>common-asm.asm(12): error A2034: must be in segment block
     1>common-asm.asm(13): error A2034: must be in segment block
     1>common-asm.asm(14): error A2034: must be in segment block
     1>common-asm.asm(15): error A2034: must be in segment block
     1>common-asm.asm(16): error A2034: must be in segment block
     1>common-asm.asm(17): error A2034: must be in segment block
     1>common-asm.asm(18): error A2034: must be in segment block
     1>common-asm.asm(19): error A2034: must be in segment block
     1>common-asm.asm(21): error A2034: must be in segment block
     1>common-asm.asm(22): error A2034: must be in segment block
     1>common-asm.asm(23): error A2034: must be in segment block
     1>common-asm.asm(24): error A2034: must be in segment block
     1>common-asm.asm(25): error A2034: must be in segment block
     1>common-asm.asm(26): fatal error A1010: unmatched block nesting : GetCpuIdInfo
     1>C:\Program Files (x86)\MSBuild\Microsoft.Cpp\v4.0\V140\BuildCustomizations\masm.targets(50,5): error MSB3721: 命令“ml.exe /c /nologo /Zi /Fo"Debug\common-asm.obj" /W3 /errorReport:prompt  /Ta"common-asm.asm"”已退出，返回代码为 1。
     1>已完成生成项目“D:\Code\PBCVTDemo\PBCVTDemo\PBCVTDemo.vcxproj”(Rebuild 个目标)的操作 - 失败。

生成失败。

已用时间 00:00:02.20
